<?xml version="1.0" encoding="UTF-8"?>
<!-- Generated by org.testng.reporters.JUnitXMLReporter -->
<testsuite hostname="DESKTOP-J7V7KI8" name="Test" tests="9" failures="0" timestamp="30 Mar 2022 04:29:17 GMT" time="0.106" errors="0">
  <testcase name="tc1000" time="0.016" classname="testngDataProvider.ParallelExecution1"/>
  <testcase name="tc2000" time="0.0" classname="testngDataProvider.ParallelExecution1"/>
  <testcase name="tc3000" time="0.009" classname="testngDataProvider.ParallelExecution1"/>
  <testcase name="tc1" time="0.0" classname="testngDataProvider.ParallelExecution"/>
  <testcase name="tc2" time="0.0" classname="testngDataProvider.ParallelExecution"/>
  <testcase name="tc3" time="0.0" classname="testngDataProvider.ParallelExecution"/>
  <testcase name="tc100" time="0.0" classname="testngDataProvider.ParallelExecution2"/>
  <testcase name="tc200" time="0.001" classname="testngDataProvider.ParallelExecution2"/>
  <testcase name="tc300" time="0.003" classname="testngDataProvider.ParallelExecution2"/>
</testsuite> <!-- Test -->
